<?xml version="1.0" encoding="UTF-8"?>
<!-- Generated by org.testng.reporters.JUnitReportReporter -->
<testsuite hostname="DESKTOP-VIRBGBF" failures="0" tests="1" name="formFill.FormTest" time="8.243" errors="0" timestamp="2021-08-30T17:42:32 IST" skipped="0">
  <testcase classname="formFill.FormTest" name="getData" time="8.243"/>
  <system-out/>
</testsuite> <!-- formFill.FormTest -->
